2009.01.20 12:15 B Y:\Lee_Subband_9780470516942\Revised final manuscript_20_01_09\CD\Chapter5\ECdemo.m <-- General (9) /supplier9/incoming/Lee_Gan_Kuo_Subband_Jan2009/CD/Chapter5 ECdemo.m
2009.01.20 12:15 B Y:\Lee_Subband_9780470516942\Revised final manuscript_20_01_09\CD\Chapter5\Example_5P1.m <-- General (9) /supplier9/incoming/Lee_Gan_Kuo_Subband_Jan2009/CD/Chapter5 Example_5P1.m
2009.01.20 12:15 B Y:\Lee_Subband_9780470516942\Revised final manuscript_20_01_09\CD\Chapter5\Example_5P2.m <-- General (9) /supplier9/incoming/Lee_Gan_Kuo_Subband_Jan2009/CD/Chapter5 Example_5P2.m
2009.01.20 12:15 B Y:\Lee_Subband_9780470516942\Revised final manuscript_20_01_09\CD\Chapter5\Example_5P3.m <-- General (9) /supplier9/incoming/Lee_Gan_Kuo_Subband_Jan2009/CD/Chapter5 Example_5P3.m
2009.01.20 12:15 B Y:\Lee_Subband_9780470516942\Revised final manuscript_20_01_09\CD\Chapter5\IPNLMSdemo.m <-- General (9) /supplier9/incoming/Lee_Gan_Kuo_Subband_Jan2009/CD/Chapter5 IPNLMSdemo.m
2009.01.20 12:15 B Y:\Lee_Subband_9780470516942\Revised final manuscript_20_01_09\CD\Chapter5\PMSAFdemo.m <-- General (9) /supplier9/incoming/Lee_Gan_Kuo_Subband_Jan2009/CD/Chapter5 PMSAFdemo.m
2009.01.21 14:08 B Y:\Lee_Subband_9780470516942\Revised final manuscript_20_01_09\CD\Chapter5\ECdemo.m --> ftp.wiley.co.uk /supplier1/incoming/Lee_Subband/Revised final manuscript_20_01_09/CD/Chapter5 ECdemo.m
2009.01.21 14:08 B Y:\Lee_Subband_9780470516942\Revised final manuscript_20_01_09\CD\Chapter5\Example_5P1.m --> ftp.wiley.co.uk /supplier1/incoming/Lee_Subband/Revised final manuscript_20_01_09/CD/Chapter5 Example_5P1.m
2009.01.21 14:08 B Y:\Lee_Subband_9780470516942\Revised final manuscript_20_01_09\CD\Chapter5\Example_5P2.m --> ftp.wiley.co.uk /supplier1/incoming/Lee_Subband/Revised final manuscript_20_01_09/CD/Chapter5 Example_5P2.m
2009.01.21 14:08 B Y:\Lee_Subband_9780470516942\Revised final manuscript_20_01_09\CD\Chapter5\Example_5P3.m --> ftp.wiley.co.uk /supplier1/incoming/Lee_Subband/Revised final manuscript_20_01_09/CD/Chapter5 Example_5P3.m
2009.01.21 14:08 B Y:\Lee_Subband_9780470516942\Revised final manuscript_20_01_09\CD\Chapter5\IPNLMSdemo.m --> ftp.wiley.co.uk /supplier1/incoming/Lee_Subband/Revised final manuscript_20_01_09/CD/Chapter5 IPNLMSdemo.m
2009.01.21 14:08 B Y:\Lee_Subband_9780470516942\Revised final manuscript_20_01_09\CD\Chapter5\PMSAFdemo.m --> ftp.wiley.co.uk /supplier1/incoming/Lee_Subband/Revised final manuscript_20_01_09/CD/Chapter5 PMSAFdemo.m
2009.01.21 14:08 B Y:\Lee_Subband_9780470516942\Revised final manuscript_20_01_09\CD\Chapter5\WS_FTP.LOG --> ftp.wiley.co.uk /supplier1/incoming/Lee_Subband/Revised final manuscript_20_01_09/CD/Chapter5 WS_FTP.LOG
2009.02.20 10:29 B X:\Lee_Subband_9780470516942\Revised final manuscript_20_01_09\CD\Chapter5\ECdemo.m --> ftp.wiley.co.uk /supplier9/Pat Bateson/CD/Chapter5 ECdemo.m
2009.02.20 10:29 B X:\Lee_Subband_9780470516942\Revised final manuscript_20_01_09\CD\Chapter5\Example_5P1.m --> ftp.wiley.co.uk /supplier9/Pat Bateson/CD/Chapter5 Example_5P1.m
2009.02.20 10:29 B X:\Lee_Subband_9780470516942\Revised final manuscript_20_01_09\CD\Chapter5\Example_5P2.m --> ftp.wiley.co.uk /supplier9/Pat Bateson/CD/Chapter5 Example_5P2.m
2009.02.20 10:29 B X:\Lee_Subband_9780470516942\Revised final manuscript_20_01_09\CD\Chapter5\Example_5P3.m --> ftp.wiley.co.uk /supplier9/Pat Bateson/CD/Chapter5 Example_5P3.m
2009.02.20 10:29 B X:\Lee_Subband_9780470516942\Revised final manuscript_20_01_09\CD\Chapter5\IPNLMSdemo.m --> ftp.wiley.co.uk /supplier9/Pat Bateson/CD/Chapter5 IPNLMSdemo.m
2009.02.20 10:29 B X:\Lee_Subband_9780470516942\Revised final manuscript_20_01_09\CD\Chapter5\PMSAFdemo.m --> ftp.wiley.co.uk /supplier9/Pat Bateson/CD/Chapter5 PMSAFdemo.m
2009.02.20 10:29 B X:\Lee_Subband_9780470516942\Revised final manuscript_20_01_09\CD\Chapter5\WS_FTP.LOG --> ftp.wiley.co.uk /supplier9/Pat Bateson/CD/Chapter5 WS_FTP.LOG
